#
# There is insufficient memory for the Java Runtime Environment to continue.
# Native memory allocation (malloc) failed to allocate 252656 bytes for Chunk::new
# Possible reasons:
#   The system is out of physical RAM or swap space
#   The process is running with CompressedOops enabled, and the Java Heap may be blocking the growth of the native heap
# Possible solutions:
#   Reduce memory load on the system
#   Increase physical memory or swap space
#   Check if swap backing store is full
#   Decrease Java heap size (-Xmx/-Xms)
#   Decrease number of Java threads
#   Decrease Java thread stack sizes (-Xss)
#   Set larger code cache with -XX:ReservedCodeCacheSize=
#   JVM is running with Unscaled Compressed Oops mode in which the Java heap is
#     placed in the first 4GB address space. The Java Heap base address is the
#     maximum limit for the native heap growth. Please use -XX:HeapBaseMinAddress
#     to set the Java Heap base and to place the Java Heap above 4GB virtual address.
# This output file may be truncated or incomplete.
#
#  Out of Memory Error (arena.cpp:195), pid=29500, tid=22136
#
# JRE version: OpenJDK Runtime Environment (16.0.2+7) (build 16.0.2+7-67)
# Java VM: OpenJDK 64-Bit Server VM (16.0.2+7-67, mixed mode, tiered, compressed oops, compressed class ptrs, g1 gc, windows-amd64)
# No core dump will be written. Minidumps are not enabled by default on client versions of Windows
#

---------------  S U M M A R Y ------------

Command Line: -Dfile.encoding=ISO-8859-1 -XX:+ShowCodeDetailsInExceptionMessages uniandes.dpoo.taller4.app.LightsOut

Host: Intel(R) Core(TM) i5-10210U CPU @ 1.60GHz, 8 cores, 3G,  Windows 10 , 64 bit Build 19041 (10.0.19041.1202)
Time: Tue Oct 26 00:09:36 2021 SA Pacific Standard Time elapsed time: 3.987146 seconds (0d 0h 0m 3s)

---------------  T H R E A D  ---------------

Current thread (0x000001b718df5270):  JavaThread "C2 CompilerThread0" daemon [_thread_in_native, id=22136, stack(0x00000089ceb00000,0x00000089cec00000)]


Current CompileTask:
C2:   3987 1175   !   4       sun.font.TrueTypeFont::getTableBuffer (199 bytes)

Stack: [0x00000089ceb00000,0x00000089cec00000]
Native frames: (J=compiled Java code, j=interpreted, Vv=VM code, C=native code)
V  [jvm.dll+0x6681ca]
V  [jvm.dll+0x7c9e69]
V  [jvm.dll+0x7cb61e]
V  [jvm.dll+0x7cbc73]
V  [jvm.dll+0x242c55]
V  [jvm.dll+0xadeba]
V  [jvm.dll+0xae45c]
V  [jvm.dll+0x2a4cdf]
V  [jvm.dll+0x573c29]
V  [jvm.dll+0x21e48e]
V  [jvm.dll+0x217476]
V  [jvm.dll+0x214ffc]
V  [jvm.dll+0x1a1beb]
V  [jvm.dll+0x225158]
V  [jvm.dll+0x22319c]
V  [jvm.dll+0x77fa62]
V  [jvm.dll+0x7795aa]
V  [jvm.dll+0x667066]
C  [ucrtbase.dll+0x21bb2]
C  [KERNEL32.DLL+0x17034]
C  [ntdll.dll+0x52651]


---------------  P R O C E S S  ---------------

Threads class SMR info:
_java_thread_list=0x000001b719e31860, length=17, elements={
0x000001b77f74afe0, 0x000001b718db2010, 0x000001b718db3670, 0x000001b718dd3a80,
0x000001b718ded8b0, 0x000001b718dee2c0, 0x000001b718df3da0, 0x000001b718df5270,
0x000001b718df5cb0, 0x000001b718e13270, 0x000001b719937010, 0x000001b719942980,
0x000001b719d7f0f0, 0x000001b719bf6a40, 0x000001b719bf7770, 0x000001b719dede10,
0x000001b719e5fea0
}

Java Threads: ( => current thread )
  0x000001b77f74afe0 JavaThread "main" [_thread_in_native, id=27880, stack(0x00000089cde00000,0x00000089cdf00000)]
  0x000001b718db2010 JavaThread "Reference Handler" daemon [_thread_blocked, id=4996, stack(0x00000089ce500000,0x00000089ce600000)]
  0x000001b718db3670 JavaThread "Finalizer" daemon [_thread_blocked, id=19580, stack(0x00000089ce600000,0x00000089ce700000)]
  0x000001b718dd3a80 JavaThread "Signal Dispatcher" daemon [_thread_blocked, id=1848, stack(0x00000089ce700000,0x00000089ce800000)]
  0x000001b718ded8b0 JavaThread "Attach Listener" daemon [_thread_blocked, id=19536, stack(0x00000089ce800000,0x00000089ce900000)]
  0x000001b718dee2c0 JavaThread "Service Thread" daemon [_thread_blocked, id=16164, stack(0x00000089ce900000,0x00000089cea00000)]
  0x000001b718df3da0 JavaThread "Monitor Deflation Thread" daemon [_thread_blocked, id=24588, stack(0x00000089cea00000,0x00000089ceb00000)]
=>0x000001b718df5270 JavaThread "C2 CompilerThread0" daemon [_thread_in_native, id=22136, stack(0x00000089ceb00000,0x00000089cec00000)]
  0x000001b718df5cb0 JavaThread "C1 CompilerThread0" daemon [_thread_blocked, id=6976, stack(0x00000089cec00000,0x00000089ced00000)]
  0x000001b718e13270 JavaThread "Sweeper thread" daemon [_thread_blocked, id=18540, stack(0x00000089ced00000,0x00000089cee00000)]
  0x000001b719937010 JavaThread "Notification Thread" daemon [_thread_blocked, id=27012, stack(0x00000089cee00000,0x00000089cef00000)]
  0x000001b719942980 JavaThread "Common-Cleaner" daemon [_thread_blocked, id=30276, stack(0x00000089cf000000,0x00000089cf100000)]
  0x000001b719d7f0f0 JavaThread "Java2D Disposer" daemon [_thread_blocked, id=15620, stack(0x00000089cf100000,0x00000089cf200000)]
  0x000001b719bf6a40 JavaThread "AWT-Shutdown" [_thread_blocked, id=30428, stack(0x00000089cf200000,0x00000089cf300000)]
  0x000001b719bf7770 JavaThread "AWT-Windows" daemon [_thread_in_native, id=30564, stack(0x00000089cf300000,0x00000089cf400000)]
  0x000001b719dede10 JavaThread "AWT-EventQueue-0" [_thread_blocked, id=9348, stack(0x00000089cf400000,0x00000089cf500000)]
  0x000001b719e5fea0 JavaThread "C2 CompilerThread1" daemon [_thread_in_native, id=428, stack(0x00000089cf500000,0x00000089cf600000)]

Other Threads:
  0x000001b718d9d270 VMThread "VM Thread" [stack: 0x00000089ce400000,0x00000089ce500000] [id=2112]
  0x000001b71984a070 WatcherThread [stack: 0x00000089cef00000,0x00000089cf000000] [id=21480]
  0x000001b77f7768a0 GCTaskThread "GC Thread#0" [stack: 0x00000089cdf00000,0x00000089ce000000] [id=27000]
  0x000001b77f780c10 ConcurrentGCThread "G1 Main Marker" [stack: 0x00000089ce000000,0x00000089ce100000] [id=30320]
  0x000001b77f781700 ConcurrentGCThread "G1 Conc#0" [stack: 0x00000089ce100000,0x00000089ce200000] [id=26756]
  0x000001b77f7d1ae0 ConcurrentGCThread "G1 Refine#0" [stack: 0x00000089ce200000,0x00000089ce300000] [id=21016]
  0x000001b77f7d3570 ConcurrentGCThread "G1 Service" [stack: 0x00000089ce300000,0x00000089ce400000] [id=17412]

Threads with active compile tasks:
C2 CompilerThread0     4055 1175   !   4       sun.font.TrueTypeFont::getTableBuffer (199 bytes)

VM state: not at safepoint (normal execution)

VM Mutex/Monitor currently owned by a thread: None

Heap address: 0x00000000c2c00000, size: 980 MB, Compressed Oops mode: 32-bit

CDS disabled.
Compressed class space mapped at: 0x0000000100000000-0x0000000140000000, reserved size: 1073741824
Narrow klass base: 0x0000000000000000, Narrow klass shift: 3, Narrow klass range: 0x140000000

GC Precious Log:
 CPUs: 8 total, 8 available
 Memory: 3918M
 Large Page Support: Disabled
 NUMA Support: Disabled
 Compressed Oops: Enabled (32-bit)
 Heap Region Size: 1M
 Heap Min Capacity: 8M
 Heap Initial Capacity: 62M
 Heap Max Capacity: 980M
 Pre-touch: Disabled
 Parallel Workers: 8
 Concurrent Workers: 2
 Concurrent Refinement Workers: 8
 Periodic GC: Disabled

Heap:
 garbage-first heap   total 63488K, used 16384K [0x00000000c2c00000, 0x0000000100000000)
  region size 1024K, 17 young (17408K), 0 survivors (0K)
 Metaspace       used 16384K, committed 16576K, reserved 1064960K
  class space    used 1706K, committed 1856K, reserved 1048576K

Heap Regions: E=young(eden), S=young(survivor), O=old, HS=humongous(starts), HC=humongous(continues), CS=collection set, F=free, OA=open archive, CA=closed archive, TAMS=top-at-mark-start (previous, next)
|   0|0x00000000c2c00000, 0x00000000c2c00000, 0x00000000c2d00000|  0%| F|  |TAMS 0x00000000c2c00000, 0x00000000c2c00000| Untracked 
|   1|0x00000000c2d00000, 0x00000000c2d00000, 0x00000000c2e00000|  0%| F|  |TAMS 0x00000000c2d00000, 0x00000000c2d00000| Untracked 
|   2|0x00000000c2e00000, 0x00000000c2e00000, 0x00000000c2f00000|  0%| F|  |TAMS 0x00000000c2e00000, 0x00000000c2e00000| Untracked 
|   3|0x00000000c2f00000, 0x00000000c2f00000, 0x00000000c3000000|  0%| F|  |TAMS 0x00000000c2f00000, 0x00000000c2f00000| Untracked 
|   4|0x00000000c3000000, 0x00000000c3000000, 0x00000000c3100000|  0%| F|  |TAMS 0x00000000c3000000, 0x00000000c3000000| Untracked 
|   5|0x00000000c3100000, 0x00000000c3100000, 0x00000000c3200000|  0%| F|  |TAMS 0x00000000c3100000, 0x00000000c3100000| Untracked 
|   6|0x00000000c3200000, 0x00000000c3200000, 0x00000000c3300000|  0%| F|  |TAMS 0x00000000c3200000, 0x00000000c3200000| Untracked 
|   7|0x00000000c3300000, 0x00000000c3300000, 0x00000000c3400000|  0%| F|  |TAMS 0x00000000c3300000, 0x00000000c3300000| Untracked 
|   8|0x00000000c3400000, 0x00000000c3400000, 0x00000000c3500000|  0%| F|  |TAMS 0x00000000c3400000, 0x00000000c3400000| Untracked 
|   9|0x00000000c3500000, 0x00000000c3500000, 0x00000000c3600000|  0%| F|  |TAMS 0x00000000c3500000, 0x00000000c3500000| Untracked 
|  10|0x00000000c3600000, 0x00000000c3600000, 0x00000000c3700000|  0%| F|  |TAMS 0x00000000c3600000, 0x00000000c3600000| Untracked 
|  11|0x00000000c3700000, 0x00000000c3700000, 0x00000000c3800000|  0%| F|  |TAMS 0x00000000c3700000, 0x00000000c3700000| Untracked 
|  12|0x00000000c3800000, 0x00000000c3800000, 0x00000000c3900000|  0%| F|  |TAMS 0x00000000c3800000, 0x00000000c3800000| Untracked 
|  13|0x00000000c3900000, 0x00000000c3900000, 0x00000000c3a00000|  0%| F|  |TAMS 0x00000000c3900000, 0x00000000c3900000| Untracked 
|  14|0x00000000c3a00000, 0x00000000c3a00000, 0x00000000c3b00000|  0%| F|  |TAMS 0x00000000c3a00000, 0x00000000c3a00000| Untracked 
|  15|0x00000000c3b00000, 0x00000000c3b00000, 0x00000000c3c00000|  0%| F|  |TAMS 0x00000000c3b00000, 0x00000000c3b00000| Untracked 
|  16|0x00000000c3c00000, 0x00000000c3c00000, 0x00000000c3d00000|  0%| F|  |TAMS 0x00000000c3c00000, 0x00000000c3c00000| Untracked 
|  17|0x00000000c3d00000, 0x00000000c3d00000, 0x00000000c3e00000|  0%| F|  |TAMS 0x00000000c3d00000, 0x00000000c3d00000| Untracked 
|  18|0x00000000c3e00000, 0x00000000c3e00000, 0x00000000c3f00000|  0%| F|  |TAMS 0x00000000c3e00000, 0x00000000c3e00000| Untracked 
|  19|0x00000000c3f00000, 0x00000000c3f00000, 0x00000000c4000000|  0%| F|  |TAMS 0x00000000c3f00000, 0x00000000c3f00000| Untracked 
|  20|0x00000000c4000000, 0x00000000c4000000, 0x00000000c4100000|  0%| F|  |TAMS 0x00000000c4000000, 0x00000000c4000000| Untracked 
|  21|0x00000000c4100000, 0x00000000c4100000, 0x00000000c4200000|  0%| F|  |TAMS 0x00000000c4100000, 0x00000000c4100000| Untracked 
|  22|0x00000000c4200000, 0x00000000c4200000, 0x00000000c4300000|  0%| F|  |TAMS 0x00000000c4200000, 0x00000000c4200000| Untracked 
|  23|0x00000000c4300000, 0x00000000c4300000, 0x00000000c4400000|  0%| F|  |TAMS 0x00000000c4300000, 0x00000000c4300000| Untracked 
|  24|0x00000000c4400000, 0x00000000c4400000, 0x00000000c4500000|  0%| F|  |TAMS 0x00000000c4400000, 0x00000000c4400000| Untracked 
|  25|0x00000000c4500000, 0x00000000c4500000, 0x00000000c4600000|  0%| F|  |TAMS 0x00000000c4500000, 0x00000000c4500000| Untracked 
|  26|0x00000000c4600000, 0x00000000c4600000, 0x00000000c4700000|  0%| F|  |TAMS 0x00000000c4600000, 0x00000000c4600000| Untracked 
|  27|0x00000000c4700000, 0x00000000c4700000, 0x00000000c4800000|  0%| F|  |TAMS 0x00000000c4700000, 0x00000000c4700000| Untracked 
|  28|0x00000000c4800000, 0x00000000c4800000, 0x00000000c4900000|  0%| F|  |TAMS 0x00000000c4800000, 0x00000000c4800000| Untracked 
|  29|0x00000000c4900000, 0x00000000c4900000, 0x00000000c4a00000|  0%| F|  |TAMS 0x00000000c4900000, 0x00000000c4900000| Untracked 
|  30|0x00000000c4a00000, 0x00000000c4a00000, 0x00000000c4b00000|  0%| F|  |TAMS 0x00000000c4a00000, 0x00000000c4a00000| Untracked 
|  31|0x00000000c4b00000, 0x00000000c4b00000, 0x00000000c4c00000|  0%| F|  |TAMS 0x00000000c4b00000, 0x00000000c4b00000| Untracked 
|  32|0x00000000c4c00000, 0x00000000c4c00000, 0x00000000c4d00000|  0%| F|  |TAMS 0x00000000c4c00000, 0x00000000c4c00000| Untracked 
|  33|0x00000000c4d00000, 0x00000000c4d00000, 0x00000000c4e00000|  0%| F|  |TAMS 0x00000000c4d00000, 0x00000000c4d00000| Untracked 
|  34|0x00000000c4e00000, 0x00000000c4e00000, 0x00000000c4f00000|  0%| F|  |TAMS 0x00000000c4e00000, 0x00000000c4e00000| Untracked 
|  35|0x00000000c4f00000, 0x00000000c4f00000, 0x00000000c5000000|  0%| F|  |TAMS 0x00000000c4f00000, 0x00000000c4f00000| Untracked 
|  36|0x00000000c5000000, 0x00000000c5000000, 0x00000000c5100000|  0%| F|  |TAMS 0x00000000c5000000, 0x00000000c5000000| Untracked 
|  37|0x00000000c5100000, 0x00000000c5100000, 0x00000000c5200000|  0%| F|  |TAMS 0x00000000c5100000, 0x00000000c5100000| Untracked 
|  38|0x00000000c5200000, 0x00000000c5200000, 0x00000000c5300000|  0%| F|  |TAMS 0x00000000c5200000, 0x00000000c5200000| Untracked 
|  39|0x00000000c5300000, 0x00000000c5300000, 0x00000000c5400000|  0%| F|  |TAMS 0x00000000c5300000, 0x00000000c5300000| Untracked 
|  40|0x00000000c5400000, 0x00000000c5400000, 0x00000000c5500000|  0%| F|  |TAMS 0x00000000c5400000, 0x00000000c5400000| Untracked 
|  41|0x00000000c5500000, 0x00000000c5500000, 0x00000000c5600000|  0%| F|  |TAMS 0x00000000c5500000, 0x00000000c5500000| Untracked 
|  42|0x00000000c5600000, 0x00000000c5600000, 0x00000000c5700000|  0%| F|  |TAMS 0x00000000c5600000, 0x00000000c5600000| Untracked 
|  43|0x00000000c5700000, 0x00000000c5700000, 0x00000000c5800000|  0%| F|  |TAMS 0x00000000c5700000, 0x00000000c5700000| Untracked 
|  44|0x00000000c5800000, 0x00000000c5800000, 0x00000000c5900000|  0%| F|  |TAMS 0x00000000c5800000, 0x00000000c5800000| Untracked 
|  45|0x00000000c5900000, 0x00000000c5977308, 0x00000000c5a00000| 46%| E|  |TAMS 0x00000000c5900000, 0x00000000c5900000| Complete 
|  46|0x00000000c5a00000, 0x00000000c5b00000, 0x00000000c5b00000|100%| E|CS|TAMS 0x00000000c5a00000, 0x00000000c5a00000| Complete 
|  47|0x00000000c5b00000, 0x00000000c5c00000, 0x00000000c5c00000|100%| E|CS|TAMS 0x00000000c5b00000, 0x00000000c5b00000| Complete 
|  48|0x00000000c5c00000, 0x00000000c5d00000, 0x00000000c5d00000|100%| E|CS|TAMS 0x00000000c5c00000, 0x00000000c5c00000| Complete 
|  49|0x00000000c5d00000, 0x00000000c5e00000, 0x00000000c5e00000|100%| E|CS|TAMS 0x00000000c5d00000, 0x00000000c5d00000| Complete 
|  50|0x00000000c5e00000, 0x00000000c5f00000, 0x00000000c5f00000|100%| E|CS|TAMS 0x00000000c5e00000, 0x00000000c5e00000| Complete 
|  51|0x00000000c5f00000, 0x00000000c6000000, 0x00000000c6000000|100%| E|CS|TAMS 0x00000000c5f00000, 0x00000000c5f00000| Complete 
|  52|0x00000000c6000000, 0x00000000c6100000, 0x00000000c6100000|100%| E|CS|TAMS 0x00000000c6000000, 0x00000000c6000000| Complete 
|  53|0x00000000c6100000, 0x00000000c6200000, 0x00000000c6200000|100%| E|CS|TAMS 0x00000000c6100000, 0x00000000c6100000| Complete 
|  54|0x00000000c6200000, 0x00000000c6300000, 0x00000000c6300000|100%| E|CS|TAMS 0x00000000c6200000, 0x00000000c6200000| Complete 
|  55|0x00000000c6300000, 0x00000000c6400000, 0x00000000c6400000|100%| E|CS|TAMS 0x00000000c6300000, 0x00000000c6300000| Complete 
|  56|0x00000000c6400000, 0x00000000c6500000, 0x00000000c6500000|100%| E|CS|TAMS 0x00000000c6400000, 0x00000000c6400000| Complete 
|  57|0x00000000c6500000, 0x00000000c6600000, 0x00000000c6600000|100%| E|CS|TAMS 0x00000000c6500000, 0x00000000c6500000| Complete 
|  58|0x00000000c6600000, 0x00000000c6700000, 0x00000000c6700000|100%| E|CS|TAMS 0x00000000c6600000, 0x00000000c6600000| Complete 
|  59|0x00000000c6700000, 0x00000000c6800000, 0x00000000c6800000|100%| E|CS|TAMS 0x00000000c6700000, 0x00000000c6700000| Complete 
|  60|0x00000000c6800000, 0x00000000c6900000, 0x00000000c6900000|100%| E|CS|TAMS 0x00000000c6800000, 0x00000000c6800000| Complete 
|  61|0x00000000c6900000, 0x00000000c6a00000, 0x00000000c6a00000|100%| E|CS|TAMS 0x00000000c6900000, 0x00000000c6900000| Complete 

Card table byte_map: [0x000001b714100000,0x000001b7142f0000] _byte_map_base: 0x000001b713aea000

Marking Bits (Prev, Next): (CMBitMap*) 0x000001b77f777fa0, (CMBitMap*) 0x000001b77f777fe0
 Prev Bits: [0x000001b7144e0000, 0x000001b715430000)
 Next Bits: [0x000001b715430000, 0x000001b716380000)

Polling page: 0x000001b77f830000

Metaspace:

Usage:
  Non-class:     14.33 MB used.
      Class:      1.67 MB used.
       Both:     16.00 MB used.

Virtual space:
  Non-class space:       16.00 MB reserved,      14.44 MB ( 90%) committed,  2 nodes.
      Class space:        1.00 GB reserved,       1.81 MB ( <1%) committed,  1 nodes.
              Both:        1.02 GB reserved,      16.25 MB (  2%) committed. 

Chunk freelists:
   Non-Class:  1.00 MB
       Class:  2.24 MB
        Both:  3.24 MB

MaxMetaspaceSize: 17179869184.00 GB
CompressedClassSpaceSize: 1.00 GB
 - commit_granule_bytes: 65536.
 - commit_granule_words: 8192.
 - virtual_space_node_default_size: 1048576.
 - enlarge_chunks_in_place: 1.
 - new_chunks_are_fully_committed: 0.
 - uncommit_free_chunks: 1.
 - use_allocation_guard: 0.
 - handle_deallocations: 1.


Internal statistics:

num_allocs_failed_limit: 0.
num_arena_births: 132.
num_arena_deaths: 0.
num_vsnodes_births: 3.
num_vsnodes_deaths: 0.
num_space_committed: 260.
num_space_uncommitted: 0.
num_chunks_returned_to_freelist: 0.
num_chunks_taken_from_freelist: 236.
num_chunk_merges: 0.
num_chunk_splits: 126.
num_chunks_enlarged: 67.
num_purges: 0.

CodeHeap 'non-profiled nmethods': size=120000Kb used=339Kb max_used=339Kb free=119661Kb
 bounds [0x000001b70c380000, 0x000001b70c5f0000, 0x000001b7138b0000]
CodeHeap 'profiled nmethods': size=120000Kb used=1982Kb max_used=1982Kb free=118018Kb
 bounds [0x000001b704e50000, 0x000001b7050c0000, 0x000001b70c380000]
CodeHeap 'non-nmethods': size=5760Kb used=1260Kb max_used=1276Kb free=4499Kb
 bounds [0x000001b7048b0000, 0x000001b704b20000, 0x000001b704e50000]
 total_blobs=1772 nmethods=1194 adapters=491
 compilation: enabled
              stopped_count=0, restarted_count=0
 full_count=0

Compilation events (20 events):
Event: 3.895 Thread 0x000001b718df5cb0 nmethod 1167 0x000001b705033f10 code [0x000001b705034180, 0x000001b705034ee8]
Event: 3.895 Thread 0x000001b718df5cb0 1168       3       java.nio.channels.FileChannel::<init> (5 bytes)
Event: 3.895 Thread 0x000001b718df5cb0 nmethod 1168 0x000001b705035310 code [0x000001b7050354c0, 0x000001b705035798]
Event: 3.895 Thread 0x000001b718df5cb0 1169       3       java.nio.channels.spi.AbstractInterruptibleChannel::<init> (16 bytes)
Event: 3.895 Thread 0x000001b718df5cb0 nmethod 1169 0x000001b705035890 code [0x000001b705035a40, 0x000001b705035cb8]
Event: 3.895 Thread 0x000001b718df5cb0 1170       3       sun.nio.ch.NativeThreadSet::<init> (17 bytes)
Event: 3.895 Thread 0x000001b718df5cb0 nmethod 1170 0x000001b705035d90 code [0x000001b705035f40, 0x000001b7050361b8]
Event: 3.895 Thread 0x000001b718df5cb0 1171       3       sun.nio.ch.FileDispatcherImpl::<init> (5 bytes)
Event: 3.895 Thread 0x000001b718df5cb0 nmethod 1171 0x000001b705036290 code [0x000001b705036440, 0x000001b705036678]
Event: 3.895 Thread 0x000001b718df5cb0 1172       3       sun.nio.ch.FileDispatcher::<init> (5 bytes)
Event: 3.896 Thread 0x000001b718df5cb0 nmethod 1172 0x000001b705036790 code [0x000001b705036940, 0x000001b705036af8]
Event: 3.928 Thread 0x000001b718df5cb0 1173       3       java.util.HashSet::toArray (16 bytes)
Event: 3.928 Thread 0x000001b718df5cb0 nmethod 1173 0x000001b705036c10 code [0x000001b705036dc0, 0x000001b705036fd8]
Event: 3.928 Thread 0x000001b718df5cb0 1174       3       java.util.HashMap::prepareArray (38 bytes)
Event: 3.928 Thread 0x000001b718df5cb0 nmethod 1174 0x000001b705037090 code [0x000001b705037280, 0x000001b705037858]
Event: 3.930 Thread 0x000001b718df5270 1175   !   4       sun.font.TrueTypeFont::getTableBuffer (199 bytes)
Event: 3.934 Thread 0x000001b718df5cb0 1178       3       sun.nio.ch.FileChannelImpl::open (16 bytes)
Event: 3.935 Thread 0x000001b718df5cb0 nmethod 1178 0x000001b705037a10 code [0x000001b705037bc0, 0x000001b705037d88]
Event: 3.940 Thread 0x000001b718df5cb0 1179       3       java.lang.StringUTF16::newBytesFor (61 bytes)
Event: 3.941 Thread 0x000001b718df5cb0 nmethod 1179 0x000001b705037e90 code [0x000001b705038100, 0x000001b7050389c8]

GC Heap History (0 events):
No events

Deoptimization events (20 events):
Event: 2.457 Thread 0x000001b77f74afe0 Uncommon trap: trap_request=0xffffffde fr.pc=0x000001b70c3b0218 relative=0x00000000000002d8
Event: 2.457 Thread 0x000001b77f74afe0 Uncommon trap: reason=class_check action=maybe_recompile pc=0x000001b70c3b0218 method=javax.swing.text.html.CSSParser.readChar()I @ 21 c2
Event: 2.457 Thread 0x000001b77f74afe0 DEOPT PACKING pc=0x000001b70c3b0218 sp=0x00000089cdefecd0
Event: 2.457 Thread 0x000001b77f74afe0 DEOPT UNPACKING pc=0x000001b7048fd72e sp=0x00000089cdefecb0 mode 2
Event: 2.457 Thread 0x000001b77f74afe0 Uncommon trap: trap_request=0xffffffde fr.pc=0x000001b70c3b0218 relative=0x00000000000002d8
Event: 2.457 Thread 0x000001b77f74afe0 Uncommon trap: reason=class_check action=maybe_recompile pc=0x000001b70c3b0218 method=javax.swing.text.html.CSSParser.readChar()I @ 21 c2
Event: 2.457 Thread 0x000001b77f74afe0 DEOPT PACKING pc=0x000001b70c3b0218 sp=0x00000089cdefec10
Event: 2.457 Thread 0x000001b77f74afe0 DEOPT UNPACKING pc=0x000001b7048fd72e sp=0x00000089cdefebf0 mode 2
Event: 2.457 Thread 0x000001b77f74afe0 Uncommon trap: trap_request=0xffffffde fr.pc=0x000001b70c3b0218 relative=0x00000000000002d8
Event: 2.457 Thread 0x000001b77f74afe0 Uncommon trap: reason=class_check action=maybe_recompile pc=0x000001b70c3b0218 method=javax.swing.text.html.CSSParser.readChar()I @ 21 c2
Event: 2.457 Thread 0x000001b77f74afe0 DEOPT PACKING pc=0x000001b70c3b0218 sp=0x00000089cdefec10
Event: 2.457 Thread 0x000001b77f74afe0 DEOPT UNPACKING pc=0x000001b7048fd72e sp=0x00000089cdefebf0 mode 2
Event: 3.880 Thread 0x000001b77f74afe0 Uncommon trap: trap_request=0xffffff45 fr.pc=0x000001b70c3b6de8 relative=0x0000000000000048
Event: 3.880 Thread 0x000001b77f74afe0 Uncommon trap: reason=unstable_if action=reinterpret pc=0x000001b70c3b6de8 method=java.lang.CharacterData.of(I)Ljava/lang/CharacterData; @ 4 c2
Event: 3.880 Thread 0x000001b77f74afe0 DEOPT PACKING pc=0x000001b70c3b6de8 sp=0x00000089cdefdff0
Event: 3.880 Thread 0x000001b77f74afe0 DEOPT UNPACKING pc=0x000001b7048fd72e sp=0x00000089cdefdf88 mode 2
Event: 3.885 Thread 0x000001b77f74afe0 Uncommon trap: trap_request=0xffffff45 fr.pc=0x000001b70c3d097c relative=0x00000000000003bc
Event: 3.885 Thread 0x000001b77f74afe0 Uncommon trap: reason=unstable_if action=reinterpret pc=0x000001b70c3d097c method=java.lang.Character.isSurrogate(C)Z @ 3 c2
Event: 3.885 Thread 0x000001b77f74afe0 DEOPT PACKING pc=0x000001b70c3d097c sp=0x00000089cdefdcc0
Event: 3.885 Thread 0x000001b77f74afe0 DEOPT UNPACKING pc=0x000001b7048fd72e sp=0x00000089cdefdbd8 mode 2

Classes unloaded (0 events):
No events

Classes redefined (0 events):
No events

Internal exceptions (18 events):
Event: 1.330 Thread 0x000001b77f74afe0 Exception <a 'java/lang/NoSuchMethodError'{0x00000000c689ca60}: 'void java.lang.invoke.DirectMethodHandle$Holder.invokeSpecial(java.lang.Object, java.lang.Object, java.lang.Object)'> (0x00000000c689ca60) 
thrown [t:\workspace\open\src\hotspot\share\interpreter\linkResolver.cpp, line 790]
Event: 1.516 Thread 0x000001b77f74afe0 Exception <a 'java/lang/ClassNotFoundException'{0x00000000c68e3810}: sun/awt/resources/spi/awtProvider> (0x00000000c68e3810) 
thrown [t:\workspace\open\src\hotspot\share\classfile\systemDictionary.cpp, line 256]
Event: 1.617 Thread 0x000001b77f74afe0 Exception <a 'java/io/FileNotFoundException'{0x00000000c67260b8}> (0x00000000c67260b8) 
thrown [t:\workspace\open\src\hotspot\share\prims\jni.cpp, line 579]
Event: 1.630 Thread 0x000001b77f74afe0 Exception <a 'java/io/FileNotFoundException'{0x00000000c6754ac0}> (0x00000000c6754ac0) 
thrown [t:\workspace\open\src\hotspot\share\prims\jni.cpp, line 579]
Event: 1.632 Thread 0x000001b77f74afe0 Exception <a 'java/lang/NoSuchMethodError'{0x00000000c6755d18}: 'java.lang.Object java.lang.invoke.DirectMethodHandle$Holder.invokeStatic(java.lang.Object)'> (0x00000000c6755d18) 
thrown [t:\workspace\open\src\hotspot\share\interpreter\linkResolver.cpp, line 790]
Event: 1.761 Thread 0x000001b77f74afe0 Exception <a 'java/lang/NoSuchMethodError'{0x00000000c678d098}: 'java.lang.Object java.lang.invoke.DirectMethodHandle$Holder.invokeStaticInit(java.lang.Object)'> (0x00000000c678d098) 
thrown [t:\workspace\open\src\hotspot\share\interpreter\linkResolver.cpp, line 790]
Event: 1.956 Thread 0x000001b77f74afe0 Exception <a 'java/lang/NoSuchMethodError'{0x00000000c67d7db8}: 'void java.lang.invoke.DirectMethodHandle$Holder.invokeStatic(java.lang.Object, java.lang.Object)'> (0x00000000c67d7db8) 
thrown [t:\workspace\open\src\hotspot\share\interpreter\linkResolver.cpp, line 790]
Event: 1.965 Thread 0x000001b77f74afe0 Exception <a 'java/lang/NoSuchMethodError'{0x00000000c66152c8}: 'java.lang.Object java.lang.invoke.DirectMethodHandle$Holder.newInvokeSpecial(java.lang.Object, java.lang.Object, java.lang.Object, java.lang.Object, java.lang.Object)'> (0x00000000c66152c8) 
thrown [t:\workspace\open\src\hotspot\share\interpreter\linkResolver.cpp, line 790]
Event: 1.966 Thread 0x000001b77f74afe0 Exception <a 'java/lang/NoSuchMethodError'{0x00000000c6620b08}: 'java.lang.Object java.lang.invoke.DirectMethodHandle$Holder.invokeStatic(java.lang.Object, int, java.lang.Object, java.lang.Object, java.lang.Object, java.lang.Object)'> (0x00000000c6620b08) 
thrown [t:\workspace\open\src\hotspot\share\interpreter\linkResolver.cpp, line 790]
Event: 1.973 Thread 0x000001b77f74afe0 Exception <a 'java/lang/NoSuchMethodError'{0x00000000c6646a00}: 'java.lang.Object java.lang.invoke.DirectMethodHandle$Holder.invokeStatic(java.lang.Object, int, java.lang.Object)'> (0x00000000c6646a00) 
thrown [t:\workspace\open\src\hotspot\share\interpreter\linkResolver.cpp, line 790]
Event: 2.159 Thread 0x000001b77f74afe0 Exception <a 'java/lang/NoSuchMethodError'{0x00000000c66e4e80}: 'int java.lang.invoke.DirectMethodHandle$Holder.invokeStatic(java.lang.Object)'> (0x00000000c66e4e80) 
thrown [t:\workspace\open\src\hotspot\share\interpreter\linkResolver.cpp, line 790]
Event: 2.284 Thread 0x000001b77f74afe0 Exception <a 'java/lang/NoSuchMethodError'{0x00000000c659a0c8}: 'java.lang.Object java.lang.invoke.DirectMethodHandle$Holder.invokeSpecial(java.lang.Object, java.lang.Object, java.lang.Object, java.lang.Object, float)'> (0x00000000c659a0c8) 
thrown [t:\workspace\open\src\hotspot\share\interpreter\linkResolver.cpp, line 790]
Event: 2.588 Thread 0x000001b77f74afe0 Exception <a 'java/lang/ClassNotFoundException'{0x00000000c64a31e0}: com/sun/swing/internal/plaf/basic/resources/spi/basicProvider> (0x00000000c64a31e0) 
thrown [t:\workspace\open\src\hotspot\share\classfile\systemDictionary.cpp, line 256]
Event: 2.790 Thread 0x000001b719bf7770 Exception <a 'java/lang/NoSuchMethodError'{0x00000000c67fb498}: 'void java.lang.invoke.DirectMethodHandle$Holder.invokeVirtual(java.lang.Object, java.lang.Object)'> (0x00000000c67fb498) 
thrown [t:\workspace\open\src\hotspot\share\interpreter\linkResolver.cpp, line 790]
Event: 2.824 Thread 0x000001b77f74afe0 Exception <a 'java/lang/NoSuchMethodError'{0x00000000c626acf0}: 'void java.lang.invoke.DirectMethodHandle$Holder.invokeStaticInit(java.lang.Object)'> (0x00000000c626acf0) 
thrown [t:\workspace\open\src\hotspot\share\interpreter\linkResolver.cpp, line 790]
Event: 3.574 Thread 0x000001b77f74afe0 Exception <a 'java/io/IOException'{0x00000000c5f2faa0}> (0x00000000c5f2faa0) 
thrown [t:\workspace\open\src\hotspot\share\prims\jni.cpp, line 579]
Event: 3.574 Thread 0x000001b77f74afe0 Implicit null exception at 0x000001b704ff2d09 to 0x000001b704ff496a
Event: 3.574 Thread 0x000001b77f74afe0 Exception <a 'java/lang/NullPointerException'{0x00000000c5f30128}> (0x00000000c5f30128) 
thrown [t:\workspace\open\src\hotspot\share\runtime\sharedRuntime.cpp, line 624]

Events (20 events):
Event: 2.938 loading class java/io/RandomAccessFile$1
Event: 2.940 loading class java/io/RandomAccessFile$1 done
Event: 2.960 loading class sun/font/SunFontManager$9
Event: 2.961 loading class sun/font/SunFontManager$9 done
Event: 2.961 loading class java/util/HashMap$ValueIterator
Event: 2.961 loading class java/util/HashMap$ValueIterator done
Event: 2.962 loading class sun/font/SunFontManager$10
Event: 2.962 loading class sun/font/SunFontManager$10 done
Event: 3.574 loading class java/awt/FontFormatException
Event: 3.574 loading class java/awt/FontFormatException done
Event: 3.574 loading class java/nio/channels/ClosedChannelException
Event: 3.574 loading class java/nio/channels/ClosedChannelException done
Event: 3.607 Executing  VM operation: Cleanup
Event: 3.607 Executing  VM operation: Cleanup done
Event: 3.802 loading class jdk/internal/access/foreign/MemorySegmentProxy
Event: 3.802 loading class jdk/internal/access/foreign/MemorySegmentProxy done
Event: 3.880 loading class java/lang/CharacterData00
Event: 3.881 loading class java/lang/CharacterData00 done
Event: 3.881 Executing  VM operation: HandshakeAllThreads
Event: 3.881 Executing  VM operation: HandshakeAllThreads done


Dynamic libraries:
0x00007ff6c9a00000 - 0x00007ff6c9a0e000 	C:\Users\Mateo Reales\.p2\pool\plugins\org.eclipse.justj.openjdk.hotspot.jre.full.win32.x86_64_16.0.2.v20210721-1149\jre\bin\javaw.exe
0x00007ff909950000 - 0x00007ff909b45000 	C:\windows\SYSTEM32\ntdll.dll
0x00007ff909850000 - 0x00007ff90990e000 	C:\windows\System32\KERNEL32.DLL
0x00007ff9070a0000 - 0x00007ff907369000 	C:\windows\System32\KERNELBASE.dll
0x00007ff9073c0000 - 0x00007ff9074c0000 	C:\windows\System32\ucrtbase.dll
0x00007ff9008a0000 - 0x00007ff9008b9000 	C:\Users\Mateo Reales\.p2\pool\plugins\org.eclipse.justj.openjdk.hotspot.jre.full.win32.x86_64_16.0.2.v20210721-1149\jre\bin\VCRUNTIME140.dll
0x00007ff8ceaf0000 - 0x00007ff8ceb08000 	C:\Users\Mateo Reales\.p2\pool\plugins\org.eclipse.justj.openjdk.hotspot.jre.full.win32.x86_64_16.0.2.v20210721-1149\jre\bin\jli.dll
0x00007ff908e50000 - 0x00007ff908ff1000 	C:\windows\System32\USER32.dll
0x00007ff8e7760000 - 0x00007ff8e79fa000 	C:\windows\WinSxS\amd64_microsoft.windows.common-controls_6595b64144ccf1df_6.0.19041.1110_none_60b5254171f9507e\COMCTL32.dll
0x00007ff908140000 - 0x00007ff9081de000 	C:\windows\System32\msvcrt.dll
0x00007ff907620000 - 0x00007ff907642000 	C:\windows\System32\win32u.dll
0x00007ff907c80000 - 0x00007ff907cab000 	C:\windows\System32\GDI32.dll
0x00007ff907890000 - 0x00007ff90799b000 	C:\windows\System32\gdi32full.dll
0x00007ff9076b0000 - 0x00007ff90774d000 	C:\windows\System32\msvcp_win.dll
0x00007ff907c50000 - 0x00007ff907c80000 	C:\windows\System32\IMM32.DLL
0x00007ff8e2690000 - 0x00007ff8e269c000 	C:\Users\Mateo Reales\.p2\pool\plugins\org.eclipse.justj.openjdk.hotspot.jre.full.win32.x86_64_16.0.2.v20210721-1149\jre\bin\vcruntime140_1.dll
0x00007ff887330000 - 0x00007ff8873c1000 	C:\Users\Mateo Reales\.p2\pool\plugins\org.eclipse.justj.openjdk.hotspot.jre.full.win32.x86_64_16.0.2.v20210721-1149\jre\bin\msvcp140.dll
0x00007ff86f030000 - 0x00007ff86fbdb000 	C:\Users\Mateo Reales\.p2\pool\plugins\org.eclipse.justj.openjdk.hotspot.jre.full.win32.x86_64_16.0.2.v20210721-1149\jre\bin\server\jvm.dll
0x00007ff908980000 - 0x00007ff908a2c000 	C:\windows\System32\ADVAPI32.dll
0x00007ff9087a0000 - 0x00007ff90883b000 	C:\windows\System32\sechost.dll
0x00007ff908840000 - 0x00007ff90896a000 	C:\windows\System32\RPCRT4.dll
0x00007ff908710000 - 0x00007ff908718000 	C:\windows\System32\PSAPI.DLL
0x00007ff8e8430000 - 0x00007ff8e8457000 	C:\windows\SYSTEM32\WINMM.dll
0x00007ff8fa280000 - 0x00007ff8fa28a000 	C:\windows\SYSTEM32\VERSION.dll
0x00007ff901e10000 - 0x00007ff901e19000 	C:\windows\SYSTEM32\WSOCK32.dll
0x00007ff908be0000 - 0x00007ff908c4b000 	C:\windows\System32\ws2_32.DLL
0x00007ff904fe0000 - 0x00007ff904ff2000 	C:\windows\SYSTEM32\kernel.appcore.dll
0x00007ff8f8da0000 - 0x00007ff8f8daa000 	C:\Users\Mateo Reales\.p2\pool\plugins\org.eclipse.justj.openjdk.hotspot.jre.full.win32.x86_64_16.0.2.v20210721-1149\jre\bin\jimage.dll
0x00007ff904860000 - 0x00007ff904a44000 	C:\windows\SYSTEM32\DBGHELP.DLL
0x00007ff9025a0000 - 0x00007ff9025cc000 	C:\windows\SYSTEM32\dbgcore.DLL
0x00007ff907800000 - 0x00007ff907883000 	C:\windows\System32\bcryptPrimitives.dll
0x00007ff8d1eb0000 - 0x00007ff8d1ed5000 	C:\Users\Mateo Reales\.p2\pool\plugins\org.eclipse.justj.openjdk.hotspot.jre.full.win32.x86_64_16.0.2.v20210721-1149\jre\bin\java.dll
0x00007ff8dfc20000 - 0x00007ff8dfc38000 	C:\Users\Mateo Reales\.p2\pool\plugins\org.eclipse.justj.openjdk.hotspot.jre.full.win32.x86_64_16.0.2.v20210721-1149\jre\bin\zip.dll
0x00007ff909000000 - 0x00007ff90973f000 	C:\windows\System32\SHELL32.dll
0x00007ff905170000 - 0x00007ff905900000 	C:\windows\SYSTEM32\windows.storage.dll
0x00007ff907cb0000 - 0x00007ff908005000 	C:\windows\System32\combase.dll
0x00007ff906a50000 - 0x00007ff906a7c000 	C:\windows\SYSTEM32\Wldp.dll
0x00007ff9081e0000 - 0x00007ff90828e000 	C:\windows\System32\SHCORE.dll
0x00007ff909760000 - 0x00007ff9097b5000 	C:\windows\System32\shlwapi.dll
0x00007ff906fb0000 - 0x00007ff906fcf000 	C:\windows\SYSTEM32\profapi.dll
0x00007ff8d6eb0000 - 0x00007ff8d6ec9000 	C:\Users\Mateo Reales\.p2\pool\plugins\org.eclipse.justj.openjdk.hotspot.jre.full.win32.x86_64_16.0.2.v20210721-1149\jre\bin\net.dll
0x00007ff8f9960000 - 0x00007ff8f9a68000 	C:\windows\SYSTEM32\WINHTTP.dll
0x00007ff9067a0000 - 0x00007ff90680a000 	C:\windows\system32\mswsock.dll
0x00007ff8d6e30000 - 0x00007ff8d6e43000 	C:\Users\Mateo Reales\.p2\pool\plugins\org.eclipse.justj.openjdk.hotspot.jre.full.win32.x86_64_16.0.2.v20210721-1149\jre\bin\nio.dll
0x00007ff885ab0000 - 0x00007ff885c2f000 	C:\Users\Mateo Reales\.p2\pool\plugins\org.eclipse.justj.openjdk.hotspot.jre.full.win32.x86_64_16.0.2.v20210721-1149\jre\bin\awt.dll
0x00007ff908070000 - 0x00007ff90813d000 	C:\windows\System32\OLEAUT32.dll
0x00007ff904560000 - 0x00007ff9045f0000 	C:\windows\SYSTEM32\apphelp.dll
0x00007ff9047c0000 - 0x00007ff90485e000 	C:\windows\system32\uxtheme.dll
0x00007ff9079a0000 - 0x00007ff907ab5000 	C:\windows\System32\MSCTF.dll
0x00007ff907b20000 - 0x00007ff907c4a000 	C:\windows\System32\ole32.dll
0x00007ff88e620000 - 0x00007ff88e6a9000 	C:\Users\Mateo Reales\.p2\pool\plugins\org.eclipse.justj.openjdk.hotspot.jre.full.win32.x86_64_16.0.2.v20210721-1149\jre\bin\freetype.dll
0x00007ff8848d0000 - 0x00007ff8849c6000 	C:\Users\Mateo Reales\.p2\pool\plugins\org.eclipse.justj.openjdk.hotspot.jre.full.win32.x86_64_16.0.2.v20210721-1149\jre\bin\harfbuzz.dll
0x00007ff8d0890000 - 0x00007ff8d08a2000 	C:\Users\Mateo Reales\.p2\pool\plugins\org.eclipse.justj.openjdk.hotspot.jre.full.win32.x86_64_16.0.2.v20210721-1149\jre\bin\fontmanager.dll
0x00007ff904c80000 - 0x00007ff904caf000 	C:\windows\system32\DWMAPI.DLL
0x00007ff8d7b70000 - 0x00007ff8d7c95000 	C:\windows\system32\opengl32.dll
0x00007ff8e9450000 - 0x00007ff8e947c000 	C:\windows\SYSTEM32\GLU32.dll

dbghelp: loaded successfully - version: 4.0.5 - missing functions: none
symbol engine: initialized successfully - sym options: 0x614 - pdb path: .;C:\Users\Mateo Reales\.p2\pool\plugins\org.eclipse.justj.openjdk.hotspot.jre.full.win32.x86_64_16.0.2.v20210721-1149\jre\bin;C:\windows\SYSTEM32;C:\windows\WinSxS\amd64_microsoft.windows.common-controls_6595b64144ccf1df_6.0.19041.1110_none_60b5254171f9507e;C:\Users\Mateo Reales\.p2\pool\plugins\org.eclipse.justj.openjdk.hotspot.jre.full.win32.x86_64_16.0.2.v20210721-1149\jre\bin\server

VM Arguments:
jvm_args: -Dfile.encoding=ISO-8859-1 -XX:+ShowCodeDetailsInExceptionMessages 
java_command: uniandes.dpoo.taller4.app.LightsOut
java_class_path (initial): C:\Users\Mateo Reales\Documents\GitHub\Taller4\Taller4\Taller4_LightsOut_esqueleto\bin;C:\Users\Mateo Reales\Documents\GitHub\Taller4\Taller4\Taller4_LightsOut_esqueleto\lib\flatlaf-1.0.jar
Launcher Type: SUN_STANDARD

[Global flags]
     intx CICompilerCount                          = 4                                         {product} {ergonomic}
     uint ConcGCThreads                            = 2                                         {product} {ergonomic}
     uint G1ConcRefinementThreads                  = 8                                         {product} {ergonomic}
   size_t G1HeapRegionSize                         = 1048576                                   {product} {ergonomic}
    uintx GCDrainStackTargetSize                   = 64                                        {product} {ergonomic}
   size_t InitialHeapSize                          = 65011712                                  {product} {ergonomic}
   size_t MarkStackSize                            = 4194304                                   {product} {ergonomic}
   size_t MaxHeapSize                              = 1027604480                                {product} {ergonomic}
   size_t MaxNewSize                               = 616562688                                 {product} {ergonomic}
   size_t MinHeapDeltaBytes                        = 1048576                                   {product} {ergonomic}
   size_t MinHeapSize                              = 8388608                                   {product} {ergonomic}
    uintx NonNMethodCodeHeapSize                   = 5839372                                {pd product} {ergonomic}
    uintx NonProfiledCodeHeapSize                  = 122909434                              {pd product} {ergonomic}
    uintx ProfiledCodeHeapSize                     = 122909434                              {pd product} {ergonomic}
    uintx ReservedCodeCacheSize                    = 251658240                              {pd product} {ergonomic}
     bool SegmentedCodeCache                       = true                                      {product} {ergonomic}
     bool ShowCodeDetailsInExceptionMessages       = true                                   {manageable} {command line}
   size_t SoftMaxHeapSize                          = 1027604480                             {manageable} {ergonomic}
     bool UseCompressedClassPointers               = true                           {product lp64_product} {ergonomic}
     bool UseCompressedOops                        = true                           {product lp64_product} {ergonomic}
     bool UseG1GC                                  = true                                      {product} {ergonomic}
     bool UseLargePagesIndividualAllocation        = false                                  {pd product} {ergonomic}

Logging:
Log output configuration:
 #0: stdout all=warning uptime,level,tags
 #1: stderr all=off uptime,level,tags

Environment Variables:
PATH=C:/Users/Mateo Reales/.p2/pool/plugins/org.eclipse.justj.openjdk.hotspot.jre.full.win32.x86_64_16.0.2.v20210721-1149/jre/bin/server;C:/Users/Mateo Reales/.p2/pool/plugins/org.eclipse.justj.openjdk.hotspot.jre.full.win32.x86_64_16.0.2.v20210721-1149/jre/bin;C:\Program Files (x86)\Common Files\Oracle\Java\javapath;C:\windows\system32;C:\windows;C:\windows\System32\Wbem;C:\windows\System32\WindowsPowerShell\v1.0\;C:\windows\System32\OpenSSH\;C:\Users\Mateo Reales\AppData\Local\Microsoft\WindowsApps;C:\Users\Mateo Reales\AppData\Local\GitHubDesktop\bin;C:\Users\Mateo Reales\AppData\Local\Programs\Microsoft VS Code\bin;C:\Users\Mateo Reales\AppData\Local\Programs\Git\cmd;C:\windows\System32;
USERNAME=Mateo Reales
OS=Windows_NT
PROCESSOR_IDENTIFIER=Intel64 Family 6 Model 142 Stepping 12, GenuineIntel



---------------  S Y S T E M  ---------------

OS:
 Windows 10 , 64 bit Build 19041 (10.0.19041.1202)
OS uptime: 5 days 8:13 hours

CPU: total 8 (initial active 8) (4 cores per cpu, 2 threads per core) family 6 model 142 stepping 12 microcode 0xde, cx8, cmov, fxsr, ht, mmx, 3dnowpref, sse, sse2, sse3, ssse3, sse4.1, sse4.2, popcnt, lzcnt, tsc, tscinvbit, avx, avx2, aes, erms, clmul, bmi1, bmi2, adx, fma, vzeroupper, clflush, clflushopt

Memory: 4k page, system-wide physical 3918M (596M free)
TotalPageFile size 15694M (AvailPageFile size 0M)
current process WorkingSet (physical memory assigned to process): 66M, peak: 66M
current process commit charge ("private bytes"): 157M, peak: 157M

vm_info: OpenJDK 64-Bit Server VM (16.0.2+7-67) for windows-amd64 JRE (16.0.2+7-67), built on Jun  8 2021 23:21:43 by "mach5one" with MS VC++ 16.7 (VS2019)

END.
