#
# There is insufficient memory for the Java Runtime Environment to continue.
# Native memory allocation (mmap) failed to map 65011712 bytes for G1 virtual space
# Possible reasons:
#   The system is out of physical RAM or swap space
#   The process is running with CompressedOops enabled, and the Java Heap may be blocking the growth of the native heap
# Possible solutions:
#   Reduce memory load on the system
#   Increase physical memory or swap space
#   Check if swap backing store is full
#   Decrease Java heap size (-Xmx/-Xms)
#   Decrease number of Java threads
#   Decrease Java thread stack sizes (-Xss)
#   Set larger code cache with -XX:ReservedCodeCacheSize=
#   JVM is running with Unscaled Compressed Oops mode in which the Java heap is
#     placed in the first 4GB address space. The Java Heap base address is the
#     maximum limit for the native heap growth. Please use -XX:HeapBaseMinAddress
#     to set the Java Heap base and to place the Java Heap above 4GB virtual address.
# This output file may be truncated or incomplete.
#
#  Out of Memory Error (os_windows.cpp:3466), pid=21704, tid=14100
#
# JRE version:  (16.0.2+7) (build )
# Java VM: OpenJDK 64-Bit Server VM (16.0.2+7-67, mixed mode, sharing, tiered, compressed oops, compressed class ptrs, g1 gc, windows-amd64)
# No core dump will be written. Minidumps are not enabled by default on client versions of Windows
#

---------------  S U M M A R Y ------------

Command Line: -Dfile.encoding=ISO-8859-1 -XX:+ShowCodeDetailsInExceptionMessages uniandes.dpoo.taller4.app.LightsOut

Host: Intel(R) Core(TM) i5-10210U CPU @ 1.60GHz, 8 cores, 3G,  Windows 10 , 64 bit Build 19041 (10.0.19041.1202)
Time: Tue Oct 26 00:13:23 2021 SA Pacific Standard Time elapsed time: 0.015033 seconds (0d 0h 0m 0s)

---------------  T H R E A D  ---------------

Current thread (0x0000025e0a09c2a0):  JavaThread "Unknown thread" [_thread_in_vm, id=14100, stack(0x0000006f0f600000,0x0000006f0f700000)]

Stack: [0x0000006f0f600000,0x0000006f0f700000]
Native frames: (J=compiled Java code, j=interpreted, Vv=VM code, C=native code)
V  [jvm.dll+0x6681ca]
V  [jvm.dll+0x7c9e69]
V  [jvm.dll+0x7cb61e]
V  [jvm.dll+0x7cbc73]
V  [jvm.dll+0x242c55]
V  [jvm.dll+0x664f89]
V  [jvm.dll+0x659b75]
V  [jvm.dll+0x2fbfbb]
V  [jvm.dll+0x3031b6]
V  [jvm.dll+0x35299e]
V  [jvm.dll+0x352bcf]
V  [jvm.dll+0x2d3028]
V  [jvm.dll+0x2d4264]
V  [jvm.dll+0x79c741]
V  [jvm.dll+0x360791]
V  [jvm.dll+0x77a3f0]
V  [jvm.dll+0x3e4e8f]
V  [jvm.dll+0x3e6961]
C  [jli.dll+0x52fb]
C  [ucrtbase.dll+0x21bb2]
C  [KERNEL32.DLL+0x17034]
C  [ntdll.dll+0x52651]


---------------  P R O C E S S  ---------------

Threads class SMR info:
_java_thread_list=0x00007ff86fb3cbb8, length=0, elements={
}

Java Threads: ( => current thread )

Other Threads:
  0x0000025e0a0c7a30 GCTaskThread "GC Thread#0" [stack: 0x0000006f0f700000,0x0000006f0f800000] [id=17964]
  0x0000025e0a0d21a0 ConcurrentGCThread "G1 Main Marker" [stack: 0x0000006f0f800000,0x0000006f0f900000] [id=17556]
  0x0000025e0a0d2c90 ConcurrentGCThread "G1 Conc#0" [stack: 0x0000006f0f900000,0x0000006f0fa00000] [id=5360]

[error occurred during error reporting (printing all threads), id 0xc0000005, EXCEPTION_ACCESS_VIOLATION (0xc0000005) at pc=0x00007ff86f313ee7]

VM state: not at safepoint (not fully initialized)

VM Mutex/Monitor currently owned by a thread:  ([mutex/lock_event])
[0x0000025e0a0986b0] Heap_lock - owner thread: 0x0000025e0a09c2a0

Heap address: 0x00000000c2c00000, size: 980 MB, Compressed Oops mode: 32-bit

CDS archive(s) mapped at: [0x0000000000000000-0x0000000000000000-0x0000000000000000), size 0, SharedBaseAddress: 0x0000000800000000, ArchiveRelocationMode: 0.
Narrow klass base: 0x0000000000000000, Narrow klass shift: 0, Narrow klass range: 0x0

GC Precious Log:
<Empty>

Heap:
 garbage-first heap   total 0K, used 0K [0x00000000c2c00000, 0x0000000100000000)
  region size 1024K, 0 young (0K), 0 survivors (0K)

[error occurred during error reporting (printing heap information), id 0xc0000005, EXCEPTION_ACCESS_VIOLATION (0xc0000005) at pc=0x00007ff86f6f1eed]

GC Heap History (0 events):
No events

Deoptimization events (0 events):
No events

Classes unloaded (0 events):
No events

Classes redefined (0 events):
No events

Internal exceptions (0 events):
No events

Events (1 events):
Event: 0.010 Loaded shared library C:\Users\Mateo Reales\.p2\pool\plugins\org.eclipse.justj.openjdk.hotspot.jre.full.win32.x86_64_16.0.2.v20210721-1149\jre\bin\java.dll


Dynamic libraries:
0x00007ff6c9a00000 - 0x00007ff6c9a0e000 	C:\Users\Mateo Reales\.p2\pool\plugins\org.eclipse.justj.openjdk.hotspot.jre.full.win32.x86_64_16.0.2.v20210721-1149\jre\bin\javaw.exe
0x00007ff909950000 - 0x00007ff909b45000 	C:\windows\SYSTEM32\ntdll.dll
0x00007ff909850000 - 0x00007ff90990e000 	C:\windows\System32\KERNEL32.DLL
0x00007ff9070a0000 - 0x00007ff907369000 	C:\windows\System32\KERNELBASE.dll
0x00007ff9073c0000 - 0x00007ff9074c0000 	C:\windows\System32\ucrtbase.dll
0x00007ff9008a0000 - 0x00007ff9008b9000 	C:\Users\Mateo Reales\.p2\pool\plugins\org.eclipse.justj.openjdk.hotspot.jre.full.win32.x86_64_16.0.2.v20210721-1149\jre\bin\VCRUNTIME140.dll
0x00007ff8ceaf0000 - 0x00007ff8ceb08000 	C:\Users\Mateo Reales\.p2\pool\plugins\org.eclipse.justj.openjdk.hotspot.jre.full.win32.x86_64_16.0.2.v20210721-1149\jre\bin\jli.dll
0x00007ff908e50000 - 0x00007ff908ff1000 	C:\windows\System32\USER32.dll
0x00007ff8e7760000 - 0x00007ff8e79fa000 	C:\windows\WinSxS\amd64_microsoft.windows.common-controls_6595b64144ccf1df_6.0.19041.1110_none_60b5254171f9507e\COMCTL32.dll
0x00007ff907620000 - 0x00007ff907642000 	C:\windows\System32\win32u.dll
0x00007ff908140000 - 0x00007ff9081de000 	C:\windows\System32\msvcrt.dll
0x00007ff907c80000 - 0x00007ff907cab000 	C:\windows\System32\GDI32.dll
0x00007ff907890000 - 0x00007ff90799b000 	C:\windows\System32\gdi32full.dll
0x00007ff9076b0000 - 0x00007ff90774d000 	C:\windows\System32\msvcp_win.dll
0x00007ff907c50000 - 0x00007ff907c80000 	C:\windows\System32\IMM32.DLL
0x00007ff8e2690000 - 0x00007ff8e269c000 	C:\Users\Mateo Reales\.p2\pool\plugins\org.eclipse.justj.openjdk.hotspot.jre.full.win32.x86_64_16.0.2.v20210721-1149\jre\bin\vcruntime140_1.dll
0x00007ff887330000 - 0x00007ff8873c1000 	C:\Users\Mateo Reales\.p2\pool\plugins\org.eclipse.justj.openjdk.hotspot.jre.full.win32.x86_64_16.0.2.v20210721-1149\jre\bin\msvcp140.dll
0x00007ff86f030000 - 0x00007ff86fbdb000 	C:\Users\Mateo Reales\.p2\pool\plugins\org.eclipse.justj.openjdk.hotspot.jre.full.win32.x86_64_16.0.2.v20210721-1149\jre\bin\server\jvm.dll
0x00007ff908980000 - 0x00007ff908a2c000 	C:\windows\System32\ADVAPI32.dll
0x00007ff9087a0000 - 0x00007ff90883b000 	C:\windows\System32\sechost.dll
0x00007ff908840000 - 0x00007ff90896a000 	C:\windows\System32\RPCRT4.dll
0x00007ff908710000 - 0x00007ff908718000 	C:\windows\System32\PSAPI.DLL
0x00007ff8e8430000 - 0x00007ff8e8457000 	C:\windows\SYSTEM32\WINMM.dll
0x00007ff901e10000 - 0x00007ff901e19000 	C:\windows\SYSTEM32\WSOCK32.dll
0x00007ff8fa280000 - 0x00007ff8fa28a000 	C:\windows\SYSTEM32\VERSION.dll
0x00007ff908be0000 - 0x00007ff908c4b000 	C:\windows\System32\WS2_32.dll
0x00007ff904fe0000 - 0x00007ff904ff2000 	C:\windows\SYSTEM32\kernel.appcore.dll
0x00007ff8f8da0000 - 0x00007ff8f8daa000 	C:\Users\Mateo Reales\.p2\pool\plugins\org.eclipse.justj.openjdk.hotspot.jre.full.win32.x86_64_16.0.2.v20210721-1149\jre\bin\jimage.dll
0x00007ff904860000 - 0x00007ff904a44000 	C:\windows\SYSTEM32\DBGHELP.DLL
0x00007ff9025a0000 - 0x00007ff9025cc000 	C:\windows\SYSTEM32\dbgcore.DLL
0x00007ff907800000 - 0x00007ff907883000 	C:\windows\System32\bcryptPrimitives.dll
0x00007ff8d1eb0000 - 0x00007ff8d1ed5000 	C:\Users\Mateo Reales\.p2\pool\plugins\org.eclipse.justj.openjdk.hotspot.jre.full.win32.x86_64_16.0.2.v20210721-1149\jre\bin\java.dll

dbghelp: loaded successfully - version: 4.0.5 - missing functions: none
symbol engine: initialized successfully - sym options: 0x614 - pdb path: .;C:\Users\Mateo Reales\.p2\pool\plugins\org.eclipse.justj.openjdk.hotspot.jre.full.win32.x86_64_16.0.2.v20210721-1149\jre\bin;C:\windows\SYSTEM32;C:\windows\WinSxS\amd64_microsoft.windows.common-controls_6595b64144ccf1df_6.0.19041.1110_none_60b5254171f9507e;C:\Users\Mateo Reales\.p2\pool\plugins\org.eclipse.justj.openjdk.hotspot.jre.full.win32.x86_64_16.0.2.v20210721-1149\jre\bin\server

VM Arguments:
jvm_args: -Dfile.encoding=ISO-8859-1 -XX:+ShowCodeDetailsInExceptionMessages 
java_command: uniandes.dpoo.taller4.app.LightsOut
java_class_path (initial): C:\Users\Mateo Reales\Documents\GitHub\Taller4\Taller4\Taller4_LightsOut_esqueleto\bin;C:\Users\Mateo Reales\Documents\GitHub\Taller4\Taller4\Taller4_LightsOut_esqueleto\lib\flatlaf-1.0.jar
Launcher Type: SUN_STANDARD

[Global flags]
     intx CICompilerCount                          = 4                                         {product} {ergonomic}
     uint ConcGCThreads                            = 2                                         {product} {ergonomic}
     uint G1ConcRefinementThreads                  = 8                                         {product} {ergonomic}
   size_t G1HeapRegionSize                         = 1048576                                   {product} {ergonomic}
    uintx GCDrainStackTargetSize                   = 64                                        {product} {ergonomic}
   size_t InitialHeapSize                          = 65011712                                  {product} {ergonomic}
   size_t MarkStackSize                            = 4194304                                   {product} {ergonomic}
   size_t MaxHeapSize                              = 1027604480                                {product} {ergonomic}
   size_t MinHeapDeltaBytes                        = 1048576                                   {product} {ergonomic}
   size_t MinHeapSize                              = 8388608                                   {product} {ergonomic}
    uintx NonNMethodCodeHeapSize                   = 5839372                                {pd product} {ergonomic}
    uintx NonProfiledCodeHeapSize                  = 122909434                              {pd product} {ergonomic}
    uintx ProfiledCodeHeapSize                     = 122909434                              {pd product} {ergonomic}
    uintx ReservedCodeCacheSize                    = 251658240                              {pd product} {ergonomic}
     bool SegmentedCodeCache                       = true                                      {product} {ergonomic}
     bool ShowCodeDetailsInExceptionMessages       = true                                   {manageable} {command line}
   size_t SoftMaxHeapSize                          = 1027604480                             {manageable} {ergonomic}
     bool UseCompressedClassPointers               = true                           {product lp64_product} {ergonomic}
     bool UseCompressedOops                        = true                           {product lp64_product} {ergonomic}
     bool UseG1GC                                  = true                                      {product} {ergonomic}
     bool UseLargePagesIndividualAllocation        = false                                  {pd product} {ergonomic}

Logging:
Log output configuration:
 #0: stdout all=warning uptime,level,tags
 #1: stderr all=off uptime,level,tags

Environment Variables:
PATH=C:/Users/Mateo Reales/.p2/pool/plugins/org.eclipse.justj.openjdk.hotspot.jre.full.win32.x86_64_16.0.2.v20210721-1149/jre/bin/server;C:/Users/Mateo Reales/.p2/pool/plugins/org.eclipse.justj.openjdk.hotspot.jre.full.win32.x86_64_16.0.2.v20210721-1149/jre/bin;C:\Program Files (x86)\Common Files\Oracle\Java\javapath;C:\windows\system32;C:\windows;C:\windows\System32\Wbem;C:\windows\System32\WindowsPowerShell\v1.0\;C:\windows\System32\OpenSSH\;C:\Users\Mateo Reales\AppData\Local\Microsoft\WindowsApps;C:\Users\Mateo Reales\AppData\Local\GitHubDesktop\bin;C:\Users\Mateo Reales\AppData\Local\Programs\Microsoft VS Code\bin;C:\Users\Mateo Reales\AppData\Local\Programs\Git\cmd;C:\windows\System32;
USERNAME=Mateo Reales
OS=Windows_NT
PROCESSOR_IDENTIFIER=Intel64 Family 6 Model 142 Stepping 12, GenuineIntel



---------------  S Y S T E M  ---------------

OS:
 Windows 10 , 64 bit Build 19041 (10.0.19041.1202)
OS uptime: 5 days 8:17 hours

CPU: total 8 (initial active 8) (4 cores per cpu, 2 threads per core) family 6 model 142 stepping 12 microcode 0xde, cx8, cmov, fxsr, ht, mmx, 3dnowpref, sse, sse2, sse3, ssse3, sse4.1, sse4.2, popcnt, lzcnt, tsc, tscinvbit, avx, avx2, aes, erms, clmul, bmi1, bmi2, adx, fma, vzeroupper, clflush, clflushopt

Memory: 4k page, system-wide physical 3918M (256M free)
TotalPageFile size 15694M (AvailPageFile size 59M)
current process WorkingSet (physical memory assigned to process): 9M, peak: 9M
current process commit charge ("private bytes"): 59M, peak: 121M

vm_info: OpenJDK 64-Bit Server VM (16.0.2+7-67) for windows-amd64 JRE (16.0.2+7-67), built on Jun  8 2021 23:21:43 by "mach5one" with MS VC++ 16.7 (VS2019)

END.
